<?xml version="1.0" encoding="UTF-8"?>
<!DOCTYPE coverage SYSTEM "http://cobertura.sourceforge.net/xml/coverage-04.dtd">
<coverage line-rate="0.027545175" branch-rate="0" lines-covered="125" lines-valid="4538" branches-covered="0" branches-valid="0" complexity="0" version="" timestamp="1578062218848">
	<packages>
		<package name="github.com/enseadaio/enseada/cmd/enseada-server/boot" line-rate="0" branch-rate="0" complexity="0" line-count="45" line-hits="0">
			<classes>
				<class name="-" filename="cmd/enseada-server/boot/boot.go" line-rate="0" branch-rate="0" complexity="0" line-count="32" line-hits="0">
					<methods>
						<method name="Boot" signature="" line-rate="0" branch-rate="0" complexity="0" line-count="0" line-hits="0">
							<lines>
								<line number="25" hits="0"></line>
								<line number="26" hits="0"></line>
								<line number="27" hits="0"></line>
								<line number="28" hits="0"></line>
								<line number="40" hits="0"></line>
								<line number="41" hits="0"></line>
								<line number="42" hits="0"></line>
								<line number="45" hits="0"></line>
								<line number="46" hits="0"></line>
								<line number="47" hits="0"></line>
								<line number="50" hits="0"></line>
								<line number="51" hits="0"></line>
								<line number="52" hits="0"></line>
								<line number="55" hits="0"></line>
								<line number="56" hits="0"></line>
								<line number="57" hits="0"></line>
								<line number="60" hits="0"></line>
								<line number="61" hits="0"></line>
								<line number="64" hits="0"></line>
							</lines>
						</method>
						<method name="@64:9" signature="" line-rate="0" branch-rate="0" complexity="0" line-count="0" line-hits="0">
							<lines>
								<line number="65" hits="0"></line>
								<line number="66" hits="0"></line>
								<line number="69" hits="0"></line>
								<line number="70" hits="0"></line>
								<line number="71" hits="0"></line>
								<line number="73" hits="0"></line>
								<line number="74" hits="0"></line>
								<line number="75" hits="0"></line>
								<line number="76" hits="0"></line>
								<line number="77" hits="0"></line>
								<line number="79" hits="0"></line>
							</lines>
						</method>
						<method name="@82:6" signature="" line-rate="0" branch-rate="0" complexity="0" line-count="0" line-hits="0">
							<lines>
								<line number="83" hits="0"></line>
								<line number="84" hits="0"></line>
							</lines>
						</method>
					</methods>
					<lines>
						<line number="25" hits="0"></line>
						<line number="26" hits="0"></line>
						<line number="27" hits="0"></line>
						<line number="28" hits="0"></line>
						<line number="40" hits="0"></line>
						<line number="41" hits="0"></line>
						<line number="42" hits="0"></line>
						<line number="45" hits="0"></line>
						<line number="46" hits="0"></line>
						<line number="47" hits="0"></line>
						<line number="50" hits="0"></line>
						<line number="51" hits="0"></line>
						<line number="52" hits="0"></line>
						<line number="55" hits="0"></line>
						<line number="56" hits="0"></line>
						<line number="57" hits="0"></line>
						<line number="60" hits="0"></line>
						<line number="61" hits="0"></line>
						<line number="64" hits="0"></line>
						<line number="65" hits="0"></line>
						<line number="66" hits="0"></line>
						<line number="69" hits="0"></line>
						<line number="70" hits="0"></line>
						<line number="71" hits="0"></line>
						<line number="73" hits="0"></line>
						<line number="74" hits="0"></line>
						<line number="75" hits="0"></line>
						<line number="76" hits="0"></line>
						<line number="77" hits="0"></line>
						<line number="79" hits="0"></line>
						<line number="83" hits="0"></line>
						<line number="84" hits="0"></line>
					</lines>
				</class>
				<class name="-" filename="cmd/enseada-server/boot/database.go" line-rate="0" branch-rate="0" complexity="0" line-count="8" line-hits="0">
					<methods>
						<method name="dbClient" signature="" line-rate="0" branch-rate="0" complexity="0" line-count="0" line-hits="0">
							<lines>
								<line number="19" hits="0"></line>
								<line number="20" hits="0"></line>
								<line number="21" hits="0"></line>
								<line number="23" hits="0"></line>
								<line number="24" hits="0"></line>
								<line number="25" hits="0"></line>
								<line number="28" hits="0"></line>
								<line number="29" hits="0"></line>
							</lines>
						</method>
					</methods>
					<lines>
						<line number="19" hits="0"></line>
						<line number="20" hits="0"></line>
						<line number="21" hits="0"></line>
						<line number="23" hits="0"></line>
						<line number="24" hits="0"></line>
						<line number="25" hits="0"></line>
						<line number="28" hits="0"></line>
						<line number="29" hits="0"></line>
					</lines>
				</class>
				<class name="-" filename="cmd/enseada-server/boot/storage.go" line-rate="0" branch-rate="0" complexity="0" line-count="5" line-hits="0">
					<methods>
						<method name="storageBackend" signature="" line-rate="0" branch-rate="0" complexity="0" line-count="0" line-hits="0">
							<lines>
								<line number="17" hits="0"></line>
								<line number="18" hits="0"></line>
								<line number="20" hits="0"></line>
								<line number="24" hits="0"></line>
								<line number="26" hits="0"></line>
							</lines>
						</method>
					</methods>
					<lines>
						<line number="17" hits="0"></line>
						<line number="18" hits="0"></line>
						<line number="20" hits="0"></line>
						<line number="24" hits="0"></line>
						<line number="26" hits="0"></line>
					</lines>
				</class>
			</classes>
		</package>
		<package name="github.com/enseadaio/enseada/cmd/enseada/get" line-rate="0.033333335" branch-rate="0" complexity="0" line-count="30" line-hits="1">
			<classes>
				<class name="-" filename="cmd/enseada/get/mvnrepo.go" line-rate="0" branch-rate="0" complexity="0" line-count="29" line-hits="0">
					<methods>
						<method name="@29:7" signature="" line-rate="0" branch-rate="0" complexity="0" line-count="0" line-hits="0">
							<lines>
								<line number="30" hits="0"></line>
								<line number="31" hits="0"></line>
								<line number="32" hits="0"></line>
								<line number="33" hits="0"></line>
								<line number="35" hits="0"></line>
								<line number="36" hits="0"></line>
								<line number="37" hits="0"></line>
								<line number="38" hits="0"></line>
								<line number="41" hits="0"></line>
								<line number="42" hits="0"></line>
								<line number="43" hits="0"></line>
							</lines>
						</method>
						<method name="getRepo" signature="" line-rate="0" branch-rate="0" complexity="0" line-count="0" line-hits="0">
							<lines>
								<line number="50" hits="0"></line>
								<line number="54" hits="0"></line>
								<line number="55" hits="0"></line>
								<line number="56" hits="0"></line>
								<line number="59" hits="0"></line>
								<line number="60" hits="0"></line>
							</lines>
						</method>
						<method name="listRepos" signature="" line-rate="0" branch-rate="0" complexity="0" line-count="0" line-hits="0">
							<lines>
								<line number="64" hits="0"></line>
								<line number="65" hits="0"></line>
								<line number="66" hits="0"></line>
								<line number="67" hits="0"></line>
								<line number="70" hits="0"></line>
								<line number="71" hits="0"></line>
							</lines>
						</method>
						<method name="printRepos" signature="" line-rate="0" branch-rate="0" complexity="0" line-count="0" line-hits="0">
							<lines>
								<line number="75" hits="0"></line>
								<line number="76" hits="0"></line>
								<line number="77" hits="0"></line>
								<line number="78" hits="0"></line>
								<line number="79" hits="0"></line>
								<line number="81" hits="0"></line>
							</lines>
						</method>
					</methods>
					<lines>
						<line number="30" hits="0"></line>
						<line number="31" hits="0"></line>
						<line number="32" hits="0"></line>
						<line number="33" hits="0"></line>
						<line number="35" hits="0"></line>
						<line number="36" hits="0"></line>
						<line number="37" hits="0"></line>
						<line number="38" hits="0"></line>
						<line number="41" hits="0"></line>
						<line number="42" hits="0"></line>
						<line number="43" hits="0"></line>
						<line number="50" hits="0"></line>
						<line number="54" hits="0"></line>
						<line number="55" hits="0"></line>
						<line number="56" hits="0"></line>
						<line number="59" hits="0"></line>
						<line number="60" hits="0"></line>
						<line number="64" hits="0"></line>
						<line number="65" hits="0"></line>
						<line number="66" hits="0"></line>
						<line number="67" hits="0"></line>
						<line number="70" hits="0"></line>
						<line number="71" hits="0"></line>
						<line number="75" hits="0"></line>
						<line number="76" hits="0"></line>
						<line number="77" hits="0"></line>
						<line number="78" hits="0"></line>
						<line number="79" hits="0"></line>
						<line number="81" hits="0"></line>
					</lines>
				</class>
				<class name="-" filename="cmd/enseada/get/root.go" line-rate="1" branch-rate="0" complexity="0" line-count="1" line-hits="1">
					<methods>
						<method name="init" signature="" line-rate="1" branch-rate="0" complexity="0" line-count="0" line-hits="0">
							<lines>
								<line number="19" hits="2"></line>
							</lines>
						</method>
					</methods>
					<lines>
						<line number="19" hits="2"></line>
					</lines>
				</class>
			</classes>
		</package>
		<package name="github.com/enseadaio/enseada/internal/auth" line-rate="0.07801419" branch-rate="0" complexity="0" line-count="423" line-hits="33">
			<classes>
				<class name="-" filename="internal/auth/oauth_request_store.go" line-rate="0" branch-rate="0" complexity="0" line-count="1" line-hits="0">
					<methods>
						<method name="NewOAuthRequestStore" signature="" line-rate="0" branch-rate="0" complexity="0" line-count="0" line-hits="0">
							<lines>
								<line number="25" hits="0"></line>
							</lines>
						</method>
					</methods>
					<lines>
						<line number="25" hits="0"></line>
					</lines>
				</class>
				<class name="OAuthRequestStore" filename="internal/auth/oauth_request_store.go" line-rate="0" branch-rate="0" complexity="0" line-count="110" line-hits="0">
					<methods>
						<method name="CreateAuthorizeCodeSession" signature="" line-rate="0" branch-rate="0" complexity="0" line-count="0" line-hits="0">
							<lines>
								<line number="29" hits="0"></line>
								<line number="30" hits="0"></line>
								<line number="31" hits="0"></line>
							</lines>
						</method>
						<method name="GetAuthorizeCodeSession" signature="" line-rate="0" branch-rate="0" complexity="0" line-count="0" line-hits="0">
							<lines>
								<line number="39" hits="0"></line>
								<line number="45" hits="0"></line>
								<line number="46" hits="0"></line>
								<line number="49" hits="0"></line>
								<line number="50" hits="0"></line>
								<line number="53" hits="0"></line>
								<line number="54" hits="0"></line>
							</lines>
						</method>
						<method name="InvalidateAuthorizeCodeSession" signature="" line-rate="0" branch-rate="0" complexity="0" line-count="0" line-hits="0">
							<lines>
								<line number="58" hits="0"></line>
								<line number="64" hits="0"></line>
								<line number="65" hits="0"></line>
								<line number="68" hits="0"></line>
							</lines>
						</method>
						<method name="CreateAccessTokenSession" signature="" line-rate="0" branch-rate="0" complexity="0" line-count="0" line-hits="0">
							<lines>
								<line number="72" hits="0"></line>
								<line number="73" hits="0"></line>
								<line number="74" hits="0"></line>
							</lines>
						</method>
						<method name="GetAccessTokenSession" signature="" line-rate="0" branch-rate="0" complexity="0" line-count="0" line-hits="0">
							<lines>
								<line number="82" hits="0"></line>
								<line number="88" hits="0"></line>
								<line number="89" hits="0"></line>
								<line number="92" hits="0"></line>
								<line number="93" hits="0"></line>
								<line number="96" hits="0"></line>
								<line number="97" hits="0"></line>
							</lines>
						</method>
						<method name="DeleteAccessTokenSession" signature="" line-rate="0" branch-rate="0" complexity="0" line-count="0" line-hits="0">
							<lines>
								<line number="101" hits="0"></line>
								<line number="107" hits="0"></line>
								<line number="108" hits="0"></line>
								<line number="111" hits="0"></line>
							</lines>
						</method>
						<method name="CreateRefreshTokenSession" signature="" line-rate="0" branch-rate="0" complexity="0" line-count="0" line-hits="0">
							<lines>
								<line number="115" hits="0"></line>
								<line number="116" hits="0"></line>
								<line number="117" hits="0"></line>
							</lines>
						</method>
						<method name="GetRefreshTokenSession" signature="" line-rate="0" branch-rate="0" complexity="0" line-count="0" line-hits="0">
							<lines>
								<line number="125" hits="0"></line>
								<line number="131" hits="0"></line>
								<line number="132" hits="0"></line>
								<line number="135" hits="0"></line>
								<line number="136" hits="0"></line>
								<line number="139" hits="0"></line>
								<line number="140" hits="0"></line>
							</lines>
						</method>
						<method name="DeleteRefreshTokenSession" signature="" line-rate="0" branch-rate="0" complexity="0" line-count="0" line-hits="0">
							<lines>
								<line number="144" hits="0"></line>
								<line number="150" hits="0"></line>
								<line number="151" hits="0"></line>
								<line number="154" hits="0"></line>
							</lines>
						</method>
						<method name="RevokeAccessToken" signature="" line-rate="0" branch-rate="0" complexity="0" line-count="0" line-hits="0">
							<lines>
								<line number="158" hits="0"></line>
								<line number="164" hits="0"></line>
								<line number="165" hits="0"></line>
								<line number="168" hits="0"></line>
								<line number="169" hits="0"></line>
							</lines>
						</method>
						<method name="RevokeRefreshToken" signature="" line-rate="0" branch-rate="0" complexity="0" line-count="0" line-hits="0">
							<lines>
								<line number="173" hits="0"></line>
								<line number="179" hits="0"></line>
								<line number="180" hits="0"></line>
								<line number="183" hits="0"></line>
								<line number="184" hits="0"></line>
							</lines>
						</method>
						<method name="store" signature="" line-rate="0" branch-rate="0" complexity="0" line-count="0" line-hits="0">
							<lines>
								<line number="188" hits="0"></line>
								<line number="189" hits="0"></line>
								<line number="190" hits="0"></line>
								<line number="191" hits="0"></line>
								<line number="192" hits="0"></line>
								<line number="193" hits="0"></line>
								<line number="197" hits="0"></line>
								<line number="199" hits="0"></line>
								<line number="200" hits="0"></line>
								<line number="201" hits="0"></line>
								<line number="202" hits="0"></line>
								<line number="205" hits="0"></line>
								<line number="206" hits="0"></line>
								<line number="207" hits="0"></line>
								<line number="209" hits="0"></line>
								<line number="210" hits="0"></line>
								<line number="211" hits="0"></line>
								<line number="213" hits="0"></line>
								<line number="214" hits="0"></line>
							</lines>
						</method>
						<method name="get" signature="" line-rate="0" branch-rate="0" complexity="0" line-count="0" line-hits="0">
							<lines>
								<line number="219" hits="0"></line>
								<line number="220" hits="0"></line>
								<line number="221" hits="0"></line>
								<line number="222" hits="0"></line>
								<line number="223" hits="0"></line>
								<line number="224" hits="0"></line>
								<line number="226" hits="0"></line>
								<line number="228" hits="0"></line>
							</lines>
						</method>
						<method name="find" signature="" line-rate="0" branch-rate="0" complexity="0" line-count="0" line-hits="0">
							<lines>
								<line number="232" hits="0"></line>
								<line number="234" hits="0"></line>
								<line number="235" hits="0"></line>
								<line number="236" hits="0"></line>
								<line number="237" hits="0"></line>
								<line number="240" hits="0"></line>
								<line number="241" hits="0"></line>
								<line number="242" hits="0"></line>
								<line number="243" hits="0"></line>
								<line number="245" hits="0"></line>
								<line number="248" hits="0"></line>
								<line number="249" hits="0"></line>
								<line number="252" hits="0"></line>
							</lines>
						</method>
						<method name="findOne" signature="" line-rate="0" branch-rate="0" complexity="0" line-count="0" line-hits="0">
							<lines>
								<line number="256" hits="0"></line>
								<line number="257" hits="0"></line>
								<line number="258" hits="0"></line>
								<line number="261" hits="0"></line>
								<line number="262" hits="0"></line>
								<line number="265" hits="0"></line>
								<line number="266" hits="0"></line>
								<line number="269" hits="0"></line>
							</lines>
						</method>
						<method name="delete" signature="" line-rate="0" branch-rate="0" complexity="0" line-count="0" line-hits="0">
							<lines>
								<line number="273" hits="0"></line>
								<line number="274" hits="0"></line>
								<line number="275" hits="0"></line>
								<line number="276" hits="0"></line>
								<line number="277" hits="0"></line>
								<line number="278" hits="0"></line>
								<line number="280" hits="0"></line>
								<line number="282" hits="0"></line>
								<line number="285" hits="0"></line>
								<line number="286" hits="0"></line>
							</lines>
						</method>
					</methods>
					<lines>
						<line number="29" hits="0"></line>
						<line number="30" hits="0"></line>
						<line number="31" hits="0"></line>
						<line number="39" hits="0"></line>
						<line number="45" hits="0"></line>
						<line number="46" hits="0"></line>
						<line number="49" hits="0"></line>
						<line number="50" hits="0"></line>
						<line number="53" hits="0"></line>
						<line number="54" hits="0"></line>
						<line number="58" hits="0"></line>
						<line number="64" hits="0"></line>
						<line number="65" hits="0"></line>
						<line number="68" hits="0"></line>
						<line number="72" hits="0"></line>
						<line number="73" hits="0"></line>
						<line number="74" hits="0"></line>
						<line number="82" hits="0"></line>
						<line number="88" hits="0"></line>
						<line number="89" hits="0"></line>
						<line number="92" hits="0"></line>
						<line number="93" hits="0"></line>
						<line number="96" hits="0"></line>
						<line number="97" hits="0"></line>
						<line number="101" hits="0"></line>
						<line number="107" hits="0"></line>
						<line number="108" hits="0"></line>
						<line number="111" hits="0"></line>
						<line number="115" hits="0"></line>
						<line number="116" hits="0"></line>
						<line number="117" hits="0"></line>
						<line number="125" hits="0"></line>
						<line number="131" hits="0"></line>
						<line number="132" hits="0"></line>
						<line number="135" hits="0"></line>
						<line number="136" hits="0"></line>
						<line number="139" hits="0"></line>
						<line number="140" hits="0"></line>
						<line number="144" hits="0"></line>
						<line number="150" hits="0"></line>
						<line number="151" hits="0"></line>
						<line number="154" hits="0"></line>
						<line number="158" hits="0"></line>
						<line number="164" hits="0"></line>
						<line number="165" hits="0"></line>
						<line number="168" hits="0"></line>
						<line number="169" hits="0"></line>
						<line number="173" hits="0"></line>
						<line number="179" hits="0"></line>
						<line number="180" hits="0"></line>
						<line number="183" hits="0"></line>
						<line number="184" hits="0"></line>
						<line number="188" hits="0"></line>
						<line number="189" hits="0"></line>
						<line number="190" hits="0"></line>
						<line number="191" hits="0"></line>
						<line number="192" hits="0"></line>
						<line number="193" hits="0"></line>
						<line number="197" hits="0"></line>
						<line number="199" hits="0"></line>
						<line number="200" hits="0"></line>
						<line number="201" hits="0"></line>
						<line number="202" hits="0"></line>
						<line number="205" hits="0"></line>
						<line number="206" hits="0"></line>
						<line number="207" hits="0"></line>
						<line number="209" hits="0"></line>
						<line number="210" hits="0"></line>
						<line number="211" hits="0"></line>
						<line number="213" hits="0"></line>
						<line number="214" hits="0"></line>
						<line number="219" hits="0"></line>
						<line number="220" hits="0"></line>
						<line number="221" hits="0"></line>
						<line number="222" hits="0"></line>
						<line number="223" hits="0"></line>
						<line number="224" hits="0"></line>
						<line number="226" hits="0"></line>
						<line number="228" hits="0"></line>
						<line number="232" hits="0"></line>
						<line number="234" hits="0"></line>
						<line number="235" hits="0"></line>
						<line number="236" hits="0"></line>
						<line number="237" hits="0"></line>
						<line number="240" hits="0"></line>
						<line number="241" hits="0"></line>
						<line number="242" hits="0"></line>
						<line number="243" hits="0"></line>
						<line number="245" hits="0"></line>
						<line number="248" hits="0"></line>
						<line number="249" hits="0"></line>
						<line number="252" hits="0"></line>
						<line number="256" hits="0"></line>
						<line number="257" hits="0"></line>
						<line number="258" hits="0"></line>
						<line number="261" hits="0"></line>
						<line number="262" hits="0"></line>
						<line number="265" hits="0"></line>
						<line number="266" hits="0"></line>
						<line number="269" hits="0"></line>
						<line number="273" hits="0"></line>
						<line number="274" hits="0"></line>
						<line number="275" hits="0"></line>
						<line number="276" hits="0"></line>
						<line number="277" hits="0"></line>
						<line number="278" hits="0"></line>
						<line number="280" hits="0"></line>
						<line number="282" hits="0"></line>
						<line number="285" hits="0"></line>
						<line number="286" hits="0"></line>
					</lines>
				</class>
				<class name="-" filename="internal/auth/oidc_session_store.go" line-rate="0" branch-rate="0" complexity="0" line-count="1" line-hits="0">
					<methods>
						<method name="NewOIDCSessionStore" signature="" line-rate="0" branch-rate="0" complexity="0" line-count="0" line-hits="0">
							<lines>
								<line number="25" hits="0"></line>
							</lines>
						</method>
					</methods>
					<lines>
						<line number="25" hits="0"></line>
					</lines>
				</class>
				<class name="OIDCSessionStore" filename="internal/auth/oidc_session_store.go" line-rate="0" branch-rate="0" complexity="0" line-count="27" line-hits="0">
					<methods>
						<method name="CreateOpenIDConnectSession" signature="" line-rate="0" branch-rate="0" complexity="0" line-count="0" line-hits="0">
							<lines>
								<line number="29" hits="0"></line>
								<line number="30" hits="0"></line>
								<line number="31" hits="0"></line>
								<line number="32" hits="0"></line>
								<line number="37" hits="0"></line>
							</lines>
						</method>
						<method name="GetOpenIDConnectSession" signature="" line-rate="0" branch-rate="0" complexity="0" line-count="0" line-hits="0">
							<lines>
								<line number="41" hits="0"></line>
								<line number="42" hits="0"></line>
								<line number="48" hits="0"></line>
								<line number="49" hits="0"></line>
								<line number="52" hits="0"></line>
								<line number="53" hits="0"></line>
								<line number="54" hits="0"></line>
								<line number="55" hits="0"></line>
								<line number="57" hits="0"></line>
								<line number="58" hits="0"></line>
								<line number="61" hits="0"></line>
							</lines>
						</method>
						<method name="DeleteOpenIDConnectSession" signature="" line-rate="0" branch-rate="0" complexity="0" line-count="0" line-hits="0">
							<lines>
								<line number="65" hits="0"></line>
								<line number="66" hits="0"></line>
								<line number="72" hits="0"></line>
								<line number="73" hits="0"></line>
								<line number="76" hits="0"></line>
								<line number="77" hits="0"></line>
								<line number="78" hits="0"></line>
								<line number="79" hits="0"></line>
								<line number="81" hits="0"></line>
								<line number="82" hits="0"></line>
								<line number="84" hits="0"></line>
							</lines>
						</method>
					</methods>
					<lines>
						<line number="29" hits="0"></line>
						<line number="30" hits="0"></line>
						<line number="31" hits="0"></line>
						<line number="32" hits="0"></line>
						<line number="37" hits="0"></line>
						<line number="41" hits="0"></line>
						<line number="42" hits="0"></line>
						<line number="48" hits="0"></line>
						<line number="49" hits="0"></line>
						<line number="52" hits="0"></line>
						<line number="53" hits="0"></line>
						<line number="54" hits="0"></line>
						<line number="55" hits="0"></line>
						<line number="57" hits="0"></line>
						<line number="58" hits="0"></line>
						<line number="61" hits="0"></line>
						<line number="65" hits="0"></line>
						<line number="66" hits="0"></line>
						<line number="72" hits="0"></line>
						<line number="73" hits="0"></line>
						<line number="76" hits="0"></line>
						<line number="77" hits="0"></line>
						<line number="78" hits="0"></line>
						<line number="79" hits="0"></line>
						<line number="81" hits="0"></line>
						<line number="82" hits="0"></line>
						<line number="84" hits="0"></line>
					</lines>
				</class>
				<class name="-" filename="internal/auth/session.go" line-rate="0" branch-rate="0" complexity="0" line-count="5" line-hits="0">
					<methods>
						<method name="NewSession" signature="" line-rate="0" branch-rate="0" complexity="0" line-count="0" line-hits="0">
							<lines>
								<line number="19" hits="0"></line>
								<line number="20" hits="0"></line>
								<line number="23" hits="0"></line>
								<line number="24" hits="0"></line>
								<line number="40" hits="0"></line>
							</lines>
						</method>
					</methods>
					<lines>
						<line number="19" hits="0"></line>
						<line number="20" hits="0"></line>
						<line number="23" hits="0"></line>
						<line number="24" hits="0"></line>
						<line number="40" hits="0"></line>
					</lines>
				</class>
				<class name="-" filename="internal/auth/store.go" line-rate="0" branch-rate="0" complexity="0" line-count="1" line-hits="0">
					<methods>
						<method name="NewStore" signature="" line-rate="0" branch-rate="0" complexity="0" line-count="0" line-hits="0">
							<lines>
								<line number="25" hits="0"></line>
							</lines>
						</method>
					</methods>
					<lines>
						<line number="25" hits="0"></line>
					</lines>
				</class>
				<class name="-" filename="internal/auth/user_store.go" line-rate="0" branch-rate="0" complexity="0" line-count="9" line-hits="0">
					<methods>
						<method name="NewUserStore" signature="" line-rate="0" branch-rate="0" complexity="0" line-count="0" line-hits="0">
							<lines>
								<line number="26" hits="0"></line>
							</lines>
						</method>
						<method name="hashPassword" signature="" line-rate="0" branch-rate="0" complexity="0" line-count="0" line-hits="0">
							<lines>
								<line number="153" hits="0"></line>
								<line number="154" hits="0"></line>
								<line number="157" hits="0"></line>
								<line number="158" hits="0"></line>
								<line number="159" hits="0"></line>
								<line number="162" hits="0"></line>
								<line number="163" hits="0"></line>
								<line number="164" hits="0"></line>
							</lines>
						</method>
					</methods>
					<lines>
						<line number="26" hits="0"></line>
						<line number="153" hits="0"></line>
						<line number="154" hits="0"></line>
						<line number="157" hits="0"></line>
						<line number="158" hits="0"></line>
						<line number="159" hits="0"></line>
						<line number="162" hits="0"></line>
						<line number="163" hits="0"></line>
						<line number="164" hits="0"></line>
					</lines>
				</class>
				<class name="UserStore" filename="internal/auth/user_store.go" line-rate="0" branch-rate="0" complexity="0" line-count="64" line-hits="0">
					<methods>
						<method name="Authenticate" signature="" line-rate="0" branch-rate="0" complexity="0" line-count="0" line-hits="0">
							<lines>
								<line number="33" hits="0"></line>
								<line number="34" hits="0"></line>
								<line number="35" hits="0"></line>
								<line number="36" hits="0"></line>
								<line number="38" hits="0"></line>
								<line number="40" hits="0"></line>
							</lines>
						</method>
						<method name="SaveUser" signature="" line-rate="0" branch-rate="0" complexity="0" line-count="0" line-hits="0">
							<lines>
								<line number="44" hits="0"></line>
								<line number="45" hits="0"></line>
								<line number="46" hits="0"></line>
								<line number="47" hits="0"></line>
								<line number="48" hits="0"></line>
								<line number="52" hits="0"></line>
								<line number="53" hits="0"></line>
								<line number="54" hits="0"></line>
								<line number="57" hits="0"></line>
								<line number="58" hits="0"></line>
								<line number="59" hits="0"></line>
							</lines>
						</method>
						<method name="UpdateUser" signature="" line-rate="0" branch-rate="0" complexity="0" line-count="0" line-hits="0">
							<lines>
								<line number="63" hits="0"></line>
								<line number="65" hits="0"></line>
								<line number="66" hits="0"></line>
								<line number="67" hits="0"></line>
								<line number="68" hits="0"></line>
								<line number="72" hits="0"></line>
								<line number="73" hits="0"></line>
								<line number="74" hits="0"></line>
								<line number="75" hits="0"></line>
								<line number="78" hits="0"></line>
								<line number="81" hits="0"></line>
								<line number="82" hits="0"></line>
								<line number="83" hits="0"></line>
								<line number="86" hits="0"></line>
								<line number="87" hits="0"></line>
							</lines>
						</method>
						<method name="ListUsers" signature="" line-rate="0" branch-rate="0" complexity="0" line-count="0" line-hits="0">
							<lines>
								<line number="91" hits="0"></line>
								<line number="92" hits="0"></line>
								<line number="95" hits="0"></line>
								<line number="96" hits="0"></line>
								<line number="99" hits="0"></line>
								<line number="100" hits="0"></line>
								<line number="101" hits="0"></line>
								<line number="102" hits="0"></line>
								<line number="103" hits="0"></line>
								<line number="106" hits="0"></line>
								<line number="109" hits="0"></line>
							</lines>
						</method>
						<method name="GetUser" signature="" line-rate="0" branch-rate="0" complexity="0" line-count="0" line-hits="0">
							<lines>
								<line number="113" hits="0"></line>
								<line number="114" hits="0"></line>
								<line number="115" hits="0"></line>
								<line number="116" hits="0"></line>
								<line number="117" hits="0"></line>
								<line number="118" hits="0"></line>
								<line number="121" hits="0"></line>
								<line number="124" hits="0"></line>
								<line number="125" hits="0"></line>
								<line number="128" hits="0"></line>
							</lines>
						</method>
						<method name="DeleteUser" signature="" line-rate="0" branch-rate="0" complexity="0" line-count="0" line-hits="0">
							<lines>
								<line number="132" hits="0"></line>
								<line number="134" hits="0"></line>
								<line number="135" hits="0"></line>
								<line number="136" hits="0"></line>
								<line number="137" hits="0"></line>
								<line number="140" hits="0"></line>
								<line number="143" hits="0"></line>
								<line number="144" hits="0"></line>
								<line number="145" hits="0"></line>
								<line number="148" hits="0"></line>
								<line number="149" hits="0"></line>
							</lines>
						</method>
					</methods>
					<lines>
						<line number="33" hits="0"></line>
						<line number="34" hits="0"></line>
						<line number="35" hits="0"></line>
						<line number="36" hits="0"></line>
						<line number="38" hits="0"></line>
						<line number="40" hits="0"></line>
						<line number="44" hits="0"></line>
						<line number="45" hits="0"></line>
						<line number="46" hits="0"></line>
						<line number="47" hits="0"></line>
						<line number="48" hits="0"></line>
						<line number="52" hits="0"></line>
						<line number="53" hits="0"></line>
						<line number="54" hits="0"></line>
						<line number="57" hits="0"></line>
						<line number="58" hits="0"></line>
						<line number="59" hits="0"></line>
						<line number="63" hits="0"></line>
						<line number="65" hits="0"></line>
						<line number="66" hits="0"></line>
						<line number="67" hits="0"></line>
						<line number="68" hits="0"></line>
						<line number="72" hits="0"></line>
						<line number="73" hits="0"></line>
						<line number="74" hits="0"></line>
						<line number="75" hits="0"></line>
						<line number="78" hits="0"></line>
						<line number="81" hits="0"></line>
						<line number="82" hits="0"></line>
						<line number="83" hits="0"></line>
						<line number="86" hits="0"></line>
						<line number="87" hits="0"></line>
						<line number="91" hits="0"></line>
						<line number="92" hits="0"></line>
						<line number="95" hits="0"></line>
						<line number="96" hits="0"></line>
						<line number="99" hits="0"></line>
						<line number="100" hits="0"></line>
						<line number="101" hits="0"></line>
						<line number="102" hits="0"></line>
						<line number="103" hits="0"></line>
						<line number="106" hits="0"></line>
						<line number="109" hits="0"></line>
						<line number="113" hits="0"></line>
						<line number="114" hits="0"></line>
						<line number="115" hits="0"></line>
						<line number="116" hits="0"></line>
						<line number="117" hits="0"></line>
						<line number="118" hits="0"></line>
						<line number="121" hits="0"></line>
						<line number="124" hits="0"></line>
						<line number="125" hits="0"></line>
						<line number="128" hits="0"></line>
						<line number="132" hits="0"></line>
						<line number="134" hits="0"></line>
						<line number="135" hits="0"></line>
						<line number="136" hits="0"></line>
						<line number="137" hits="0"></line>
						<line number="140" hits="0"></line>
						<line number="143" hits="0"></line>
						<line number="144" hits="0"></line>
						<line number="145" hits="0"></line>
						<line number="148" hits="0"></line>
						<line number="149" hits="0"></line>
					</lines>
				</class>
				<class name="-" filename="internal/auth/oauth_client_store.go" line-rate="1" branch-rate="0" complexity="0" line-count="1" line-hits="1">
					<methods>
						<method name="NewOAuthClientStore" signature="" line-rate="1" branch-rate="0" complexity="0" line-count="0" line-hits="0">
							<lines>
								<line number="27" hits="1"></line>
							</lines>
						</method>
					</methods>
					<lines>
						<line number="27" hits="1"></line>
					</lines>
				</class>
				<class name="OAuthClientStore" filename="internal/auth/oauth_client_store.go" line-rate="0.07575758" branch-rate="0" complexity="0" line-count="66" line-hits="5">
					<methods>
						<method name="GetClient" signature="" line-rate="0.5555556" branch-rate="0" complexity="0" line-count="0" line-hits="0">
							<lines>
								<line number="31" hits="1"></line>
								<line number="32" hits="1"></line>
								<line number="34" hits="1"></line>
								<line number="35" hits="1"></line>
								<line number="36" hits="0"></line>
								<line number="37" hits="0"></line>
								<line number="39" hits="0"></line>
								<line number="40" hits="0"></line>
								<line number="43" hits="1"></line>
							</lines>
						</method>
						<method name="ListClients" signature="" line-rate="0" branch-rate="0" complexity="0" line-count="0" line-hits="0">
							<lines>
								<line number="47" hits="0"></line>
								<line number="48" hits="0"></line>
								<line number="51" hits="0"></line>
								<line number="52" hits="0"></line>
								<line number="53" hits="0"></line>
								<line number="54" hits="0"></line>
								<line number="59" hits="0"></line>
								<line number="63" hits="0"></line>
								<line number="64" hits="0"></line>
								<line number="67" hits="0"></line>
								<line number="68" hits="0"></line>
								<line number="69" hits="0"></line>
								<line number="70" hits="0"></line>
								<line number="71" hits="0"></line>
								<line number="73" hits="0"></line>
								<line number="76" hits="0"></line>
							</lines>
						</method>
						<method name="DeleteClient" signature="" line-rate="0" branch-rate="0" complexity="0" line-count="0" line-hits="0">
							<lines>
								<line number="80" hits="0"></line>
								<line number="81" hits="0"></line>
								<line number="82" hits="0"></line>
								<line number="83" hits="0"></line>
								<line number="84" hits="0"></line>
								<line number="85" hits="0"></line>
								<line number="87" hits="0"></line>
								<line number="90" hits="0"></line>
								<line number="91" hits="0"></line>
								<line number="92" hits="0"></line>
								<line number="95" hits="0"></line>
								<line number="96" hits="0"></line>
							</lines>
						</method>
						<method name="SaveClient" signature="" line-rate="0" branch-rate="0" complexity="0" line-count="0" line-hits="0">
							<lines>
								<line number="100" hits="0"></line>
								<line number="101" hits="0"></line>
								<line number="102" hits="0"></line>
								<line number="105" hits="0"></line>
								<line number="106" hits="0"></line>
								<line number="107" hits="0"></line>
								<line number="108" hits="0"></line>
								<line number="111" hits="0"></line>
								<line number="112" hits="0"></line>
							</lines>
						</method>
						<method name="InitDefaultClients" signature="" line-rate="0" branch-rate="0" complexity="0" line-count="0" line-hits="0">
							<lines>
								<line number="116" hits="0"></line>
								<line number="118" hits="0"></line>
								<line number="124" hits="0"></line>
								<line number="125" hits="0"></line>
								<line number="128" hits="0"></line>
								<line number="129" hits="0"></line>
								<line number="130" hits="0"></line>
								<line number="133" hits="0"></line>
								<line number="139" hits="0"></line>
								<line number="140" hits="0"></line>
								<line number="143" hits="0"></line>
								<line number="144" hits="0"></line>
								<line number="145" hits="0"></line>
								<line number="148" hits="0"></line>
								<line number="149" hits="0"></line>
							</lines>
						</method>
						<method name="initClient" signature="" line-rate="0" branch-rate="0" complexity="0" line-count="0" line-hits="0">
							<lines>
								<line number="153" hits="0"></line>
								<line number="154" hits="0"></line>
								<line number="155" hits="0"></line>
								<line number="158" hits="0"></line>
								<line number="159" hits="0"></line>
							</lines>
						</method>
					</methods>
					<lines>
						<line number="31" hits="1"></line>
						<line number="32" hits="1"></line>
						<line number="34" hits="1"></line>
						<line number="35" hits="1"></line>
						<line number="36" hits="0"></line>
						<line number="37" hits="0"></line>
						<line number="39" hits="0"></line>
						<line number="40" hits="0"></line>
						<line number="43" hits="1"></line>
						<line number="47" hits="0"></line>
						<line number="48" hits="0"></line>
						<line number="51" hits="0"></line>
						<line number="52" hits="0"></line>
						<line number="53" hits="0"></line>
						<line number="54" hits="0"></line>
						<line number="59" hits="0"></line>
						<line number="63" hits="0"></line>
						<line number="64" hits="0"></line>
						<line number="67" hits="0"></line>
						<line number="68" hits="0"></line>
						<line number="69" hits="0"></line>
						<line number="70" hits="0"></line>
						<line number="71" hits="0"></line>
						<line number="73" hits="0"></line>
						<line number="76" hits="0"></line>
						<line number="80" hits="0"></line>
						<line number="81" hits="0"></line>
						<line number="82" hits="0"></line>
						<line number="83" hits="0"></line>
						<line number="84" hits="0"></line>
						<line number="85" hits="0"></line>
						<line number="87" hits="0"></line>
						<line number="90" hits="0"></line>
						<line number="91" hits="0"></line>
						<line number="92" hits="0"></line>
						<line number="95" hits="0"></line>
						<line number="96" hits="0"></line>
						<line number="100" hits="0"></line>
						<line number="101" hits="0"></line>
						<line number="102" hits="0"></line>
						<line number="105" hits="0"></line>
						<line number="106" hits="0"></line>
						<line number="107" hits="0"></line>
						<line number="108" hits="0"></line>
						<line number="111" hits="0"></line>
						<line number="112" hits="0"></line>
						<line number="116" hits="0"></line>
						<line number="118" hits="0"></line>
						<line number="124" hits="0"></line>
						<line number="125" hits="0"></line>
						<line number="128" hits="0"></line>
						<line number="129" hits="0"></line>
						<line number="130" hits="0"></line>
						<line number="133" hits="0"></line>
						<line number="139" hits="0"></line>
						<line number="140" hits="0"></line>
						<line number="143" hits="0"></line>
						<line number="144" hits="0"></line>
						<line number="145" hits="0"></line>
						<line number="148" hits="0"></line>
						<line number="149" hits="0"></line>
						<line number="153" hits="0"></line>
						<line number="154" hits="0"></line>
						<line number="155" hits="0"></line>
						<line number="158" hits="0"></line>
						<line number="159" hits="0"></line>
					</lines>
				</class>
				<class name="-" filename="internal/auth/oauth_client_opts.go" line-rate="0.16666667" branch-rate="0" complexity="0" line-count="12" line-hits="2">
					<methods>
						<method name="OAuthRedirectURIs" signature="" line-rate="0" branch-rate="0" complexity="0" line-count="0" line-hits="0">
							<lines>
								<line number="12" hits="0"></line>
							</lines>
						</method>
						<method name="@12:9" signature="" line-rate="0" branch-rate="0" complexity="0" line-count="0" line-hits="0">
							<lines>
								<line number="13" hits="0"></line>
							</lines>
						</method>
						<method name="OAuthGrantTypes" signature="" line-rate="0" branch-rate="0" complexity="0" line-count="0" line-hits="0">
							<lines>
								<line number="18" hits="0"></line>
							</lines>
						</method>
						<method name="@18:9" signature="" line-rate="0" branch-rate="0" complexity="0" line-count="0" line-hits="0">
							<lines>
								<line number="19" hits="0"></line>
							</lines>
						</method>
						<method name="OAuthResponseTypes" signature="" line-rate="0" branch-rate="0" complexity="0" line-count="0" line-hits="0">
							<lines>
								<line number="24" hits="0"></line>
							</lines>
						</method>
						<method name="@24:9" signature="" line-rate="0" branch-rate="0" complexity="0" line-count="0" line-hits="0">
							<lines>
								<line number="25" hits="0"></line>
							</lines>
						</method>
						<method name="OAuthScopes" signature="" line-rate="0" branch-rate="0" complexity="0" line-count="0" line-hits="0">
							<lines>
								<line number="30" hits="0"></line>
							</lines>
						</method>
						<method name="@30:9" signature="" line-rate="0" branch-rate="0" complexity="0" line-count="0" line-hits="0">
							<lines>
								<line number="31" hits="0"></line>
							</lines>
						</method>
						<method name="OAuthAudiences" signature="" line-rate="0" branch-rate="0" complexity="0" line-count="0" line-hits="0">
							<lines>
								<line number="36" hits="0"></line>
							</lines>
						</method>
						<method name="@36:9" signature="" line-rate="0" branch-rate="0" complexity="0" line-count="0" line-hits="0">
							<lines>
								<line number="37" hits="0"></line>
							</lines>
						</method>
						<method name="OAuthPublic" signature="" line-rate="1" branch-rate="0" complexity="0" line-count="0" line-hits="0">
							<lines>
								<line number="42" hits="1"></line>
							</lines>
						</method>
						<method name="@42:9" signature="" line-rate="1" branch-rate="0" complexity="0" line-count="0" line-hits="0">
							<lines>
								<line number="43" hits="1"></line>
							</lines>
						</method>
					</methods>
					<lines>
						<line number="12" hits="0"></line>
						<line number="13" hits="0"></line>
						<line number="18" hits="0"></line>
						<line number="19" hits="0"></line>
						<line number="24" hits="0"></line>
						<line number="25" hits="0"></line>
						<line number="30" hits="0"></line>
						<line number="31" hits="0"></line>
						<line number="36" hits="0"></line>
						<line number="37" hits="0"></line>
						<line number="42" hits="1"></line>
						<line number="43" hits="1"></line>
					</lines>
				</class>
				<class name="OAuthRequest" filename="internal/auth/oauth_request.go" line-rate="0" branch-rate="0" complexity="0" line-count="34" line-hits="0">
					<methods>
						<method name="SetID" signature="" line-rate="0" branch-rate="0" complexity="0" line-count="0" line-hits="0">
							<lines>
								<line number="40" hits="0"></line>
							</lines>
						</method>
						<method name="GetID" signature="" line-rate="0" branch-rate="0" complexity="0" line-count="0" line-hits="0">
							<lines>
								<line number="44" hits="0"></line>
							</lines>
						</method>
						<method name="GetRequestedAt" signature="" line-rate="0" branch-rate="0" complexity="0" line-count="0" line-hits="0">
							<lines>
								<line number="48" hits="0"></line>
							</lines>
						</method>
						<method name="GetClient" signature="" line-rate="0" branch-rate="0" complexity="0" line-count="0" line-hits="0">
							<lines>
								<line number="52" hits="0"></line>
							</lines>
						</method>
						<method name="GetRequestedScopes" signature="" line-rate="0" branch-rate="0" complexity="0" line-count="0" line-hits="0">
							<lines>
								<line number="56" hits="0"></line>
							</lines>
						</method>
						<method name="GetRequestedAudience" signature="" line-rate="0" branch-rate="0" complexity="0" line-count="0" line-hits="0">
							<lines>
								<line number="60" hits="0"></line>
							</lines>
						</method>
						<method name="SetRequestedScopes" signature="" line-rate="0" branch-rate="0" complexity="0" line-count="0" line-hits="0">
							<lines>
								<line number="64" hits="0"></line>
							</lines>
						</method>
						<method name="SetRequestedAudience" signature="" line-rate="0" branch-rate="0" complexity="0" line-count="0" line-hits="0">
							<lines>
								<line number="68" hits="0"></line>
							</lines>
						</method>
						<method name="AppendRequestedScope" signature="" line-rate="0" branch-rate="0" complexity="0" line-count="0" line-hits="0">
							<lines>
								<line number="72" hits="0"></line>
								<line number="73" hits="0"></line>
								<line number="74" hits="0"></line>
								<line number="77" hits="0"></line>
							</lines>
						</method>
						<method name="GetGrantedScopes" signature="" line-rate="0" branch-rate="0" complexity="0" line-count="0" line-hits="0">
							<lines>
								<line number="81" hits="0"></line>
							</lines>
						</method>
						<method name="GetGrantedAudience" signature="" line-rate="0" branch-rate="0" complexity="0" line-count="0" line-hits="0">
							<lines>
								<line number="85" hits="0"></line>
							</lines>
						</method>
						<method name="GrantScope" signature="" line-rate="0" branch-rate="0" complexity="0" line-count="0" line-hits="0">
							<lines>
								<line number="89" hits="0"></line>
								<line number="90" hits="0"></line>
								<line number="91" hits="0"></line>
								<line number="94" hits="0"></line>
							</lines>
						</method>
						<method name="GrantAudience" signature="" line-rate="0" branch-rate="0" complexity="0" line-count="0" line-hits="0">
							<lines>
								<line number="98" hits="0"></line>
								<line number="99" hits="0"></line>
								<line number="100" hits="0"></line>
								<line number="103" hits="0"></line>
							</lines>
						</method>
						<method name="GetSession" signature="" line-rate="0" branch-rate="0" complexity="0" line-count="0" line-hits="0">
							<lines>
								<line number="107" hits="0"></line>
							</lines>
						</method>
						<method name="SetSession" signature="" line-rate="0" branch-rate="0" complexity="0" line-count="0" line-hits="0">
							<lines>
								<line number="111" hits="0"></line>
							</lines>
						</method>
						<method name="GetRequestForm" signature="" line-rate="0" branch-rate="0" complexity="0" line-count="0" line-hits="0">
							<lines>
								<line number="115" hits="0"></line>
							</lines>
						</method>
						<method name="Merge" signature="" line-rate="0" branch-rate="0" complexity="0" line-count="0" line-hits="0">
							<lines>
								<line number="119" hits="0"></line>
								<line number="120" hits="0"></line>
								<line number="121" hits="0"></line>
								<line number="122" hits="0"></line>
								<line number="123" hits="0"></line>
								<line number="124" hits="0"></line>
								<line number="125" hits="0"></line>
								<line number="126" hits="0"></line>
							</lines>
						</method>
						<method name="Sanitize" signature="" line-rate="0" branch-rate="0" complexity="0" line-count="0" line-hits="0">
							<lines>
								<line number="130" hits="0"></line>
							</lines>
						</method>
					</methods>
					<lines>
						<line number="40" hits="0"></line>
						<line number="44" hits="0"></line>
						<line number="48" hits="0"></line>
						<line number="52" hits="0"></line>
						<line number="56" hits="0"></line>
						<line number="60" hits="0"></line>
						<line number="64" hits="0"></line>
						<line number="68" hits="0"></line>
						<line number="72" hits="0"></line>
						<line number="73" hits="0"></line>
						<line number="74" hits="0"></line>
						<line number="77" hits="0"></line>
						<line number="81" hits="0"></line>
						<line number="85" hits="0"></line>
						<line number="89" hits="0"></line>
						<line number="90" hits="0"></line>
						<line number="91" hits="0"></line>
						<line number="94" hits="0"></line>
						<line number="98" hits="0"></line>
						<line number="99" hits="0"></line>
						<line number="100" hits="0"></line>
						<line number="103" hits="0"></line>
						<line number="107" hits="0"></line>
						<line number="111" hits="0"></line>
						<line number="115" hits="0"></line>
						<line number="119" hits="0"></line>
						<line number="120" hits="0"></line>
						<line number="121" hits="0"></line>
						<line number="122" hits="0"></line>
						<line number="123" hits="0"></line>
						<line number="124" hits="0"></line>
						<line number="125" hits="0"></line>
						<line number="126" hits="0"></line>
						<line number="130" hits="0"></line>
					</lines>
				</class>
				<class name="-" filename="internal/auth/oidc_client.go" line-rate="0" branch-rate="0" complexity="0" line-count="7" line-hits="0">
					<methods>
						<method name="NewOIDCClient" signature="" line-rate="0" branch-rate="0" complexity="0" line-count="0" line-hits="0">
							<lines>
								<line number="23" hits="0"></line>
								<line number="32" hits="0"></line>
								<line number="33" hits="0"></line>
								<line number="36" hits="0"></line>
								<line number="37" hits="0"></line>
								<line number="38" hits="0"></line>
								<line number="41" hits="0"></line>
							</lines>
						</method>
					</methods>
					<lines>
						<line number="23" hits="0"></line>
						<line number="32" hits="0"></line>
						<line number="33" hits="0"></line>
						<line number="36" hits="0"></line>
						<line number="37" hits="0"></line>
						<line number="38" hits="0"></line>
						<line number="41" hits="0"></line>
					</lines>
				</class>
				<class name="OIDCClient" filename="internal/auth/oidc_client.go" line-rate="0" branch-rate="0" complexity="0" line-count="6" line-hits="0">
					<methods>
						<method name="GetRequestURIs" signature="" line-rate="0" branch-rate="0" complexity="0" line-count="0" line-hits="0">
							<lines>
								<line number="56" hits="0"></line>
							</lines>
						</method>
						<method name="GetJSONWebKeys" signature="" line-rate="0" branch-rate="0" complexity="0" line-count="0" line-hits="0">
							<lines>
								<line number="61" hits="0"></line>
							</lines>
						</method>
						<method name="GetJSONWebKeysURI" signature="" line-rate="0" branch-rate="0" complexity="0" line-count="0" line-hits="0">
							<lines>
								<line number="67" hits="0"></line>
							</lines>
						</method>
						<method name="GetRequestObjectSigningAlgorithm" signature="" line-rate="0" branch-rate="0" complexity="0" line-count="0" line-hits="0">
							<lines>
								<line number="73" hits="0"></line>
							</lines>
						</method>
						<method name="GetTokenEndpointAuthMethod" signature="" line-rate="0" branch-rate="0" complexity="0" line-count="0" line-hits="0">
							<lines>
								<line number="79" hits="0"></line>
							</lines>
						</method>
						<method name="GetTokenEndpointAuthSigningAlgorithm" signature="" line-rate="0" branch-rate="0" complexity="0" line-count="0" line-hits="0">
							<lines>
								<line number="85" hits="0"></line>
							</lines>
						</method>
					</methods>
					<lines>
						<line number="56" hits="0"></line>
						<line number="61" hits="0"></line>
						<line number="67" hits="0"></line>
						<line number="73" hits="0"></line>
						<line number="79" hits="0"></line>
						<line number="85" hits="0"></line>
					</lines>
				</class>
				<class name="-" filename="internal/auth/oidc_client_opts.go" line-rate="0" branch-rate="0" complexity="0" line-count="22" line-hits="0">
					<methods>
						<method name="OIDCRedirectURIs" signature="" line-rate="0" branch-rate="0" complexity="0" line-count="0" line-hits="0">
							<lines>
								<line number="25" hits="0"></line>
							</lines>
						</method>
						<method name="@25:9" signature="" line-rate="0" branch-rate="0" complexity="0" line-count="0" line-hits="0">
							<lines>
								<line number="26" hits="0"></line>
							</lines>
						</method>
						<method name="OIDCGrantTypes" signature="" line-rate="0" branch-rate="0" complexity="0" line-count="0" line-hits="0">
							<lines>
								<line number="31" hits="0"></line>
							</lines>
						</method>
						<method name="@31:9" signature="" line-rate="0" branch-rate="0" complexity="0" line-count="0" line-hits="0">
							<lines>
								<line number="32" hits="0"></line>
							</lines>
						</method>
						<method name="OIDCResponseTypes" signature="" line-rate="0" branch-rate="0" complexity="0" line-count="0" line-hits="0">
							<lines>
								<line number="37" hits="0"></line>
							</lines>
						</method>
						<method name="@37:9" signature="" line-rate="0" branch-rate="0" complexity="0" line-count="0" line-hits="0">
							<lines>
								<line number="38" hits="0"></line>
							</lines>
						</method>
						<method name="OIDCScopes" signature="" line-rate="0" branch-rate="0" complexity="0" line-count="0" line-hits="0">
							<lines>
								<line number="43" hits="0"></line>
							</lines>
						</method>
						<method name="@43:9" signature="" line-rate="0" branch-rate="0" complexity="0" line-count="0" line-hits="0">
							<lines>
								<line number="44" hits="0"></line>
							</lines>
						</method>
						<method name="OIDCAudiences" signature="" line-rate="0" branch-rate="0" complexity="0" line-count="0" line-hits="0">
							<lines>
								<line number="49" hits="0"></line>
							</lines>
						</method>
						<method name="@49:9" signature="" line-rate="0" branch-rate="0" complexity="0" line-count="0" line-hits="0">
							<lines>
								<line number="50" hits="0"></line>
							</lines>
						</method>
						<method name="OIDCPublic" signature="" line-rate="0" branch-rate="0" complexity="0" line-count="0" line-hits="0">
							<lines>
								<line number="55" hits="0"></line>
							</lines>
						</method>
						<method name="@55:9" signature="" line-rate="0" branch-rate="0" complexity="0" line-count="0" line-hits="0">
							<lines>
								<line number="56" hits="0"></line>
							</lines>
						</method>
						<method name="OIDCJSONWebKeysURI" signature="" line-rate="0" branch-rate="0" complexity="0" line-count="0" line-hits="0">
							<lines>
								<line number="61" hits="0"></line>
							</lines>
						</method>
						<method name="@61:9" signature="" line-rate="0" branch-rate="0" complexity="0" line-count="0" line-hits="0">
							<lines>
								<line number="62" hits="0"></line>
							</lines>
						</method>
						<method name="OIDCJSONWebKeys" signature="" line-rate="0" branch-rate="0" complexity="0" line-count="0" line-hits="0">
							<lines>
								<line number="67" hits="0"></line>
							</lines>
						</method>
						<method name="@67:9" signature="" line-rate="0" branch-rate="0" complexity="0" line-count="0" line-hits="0">
							<lines>
								<line number="68" hits="0"></line>
							</lines>
						</method>
						<method name="OIDCTokenEndpointAuthMethod" signature="" line-rate="0" branch-rate="0" complexity="0" line-count="0" line-hits="0">
							<lines>
								<line number="73" hits="0"></line>
							</lines>
						</method>
						<method name="@73:9" signature="" line-rate="0" branch-rate="0" complexity="0" line-count="0" line-hits="0">
							<lines>
								<line number="74" hits="0"></line>
							</lines>
						</method>
						<method name="OIDCRequestURIs" signature="" line-rate="0" branch-rate="0" complexity="0" line-count="0" line-hits="0">
							<lines>
								<line number="79" hits="0"></line>
							</lines>
						</method>
						<method name="@79:9" signature="" line-rate="0" branch-rate="0" complexity="0" line-count="0" line-hits="0">
							<lines>
								<line number="80" hits="0"></line>
							</lines>
						</method>
						<method name="OIDCRequestObjectSigningAlgorithm" signature="" line-rate="0" branch-rate="0" complexity="0" line-count="0" line-hits="0">
							<lines>
								<line number="85" hits="0"></line>
							</lines>
						</method>
						<method name="@85:9" signature="" line-rate="0" branch-rate="0" complexity="0" line-count="0" line-hits="0">
							<lines>
								<line number="86" hits="0"></line>
							</lines>
						</method>
					</methods>
					<lines>
						<line number="25" hits="0"></line>
						<line number="26" hits="0"></line>
						<line number="31" hits="0"></line>
						<line number="32" hits="0"></line>
						<line number="37" hits="0"></line>
						<line number="38" hits="0"></line>
						<line number="43" hits="0"></line>
						<line number="44" hits="0"></line>
						<line number="49" hits="0"></line>
						<line number="50" hits="0"></line>
						<line number="55" hits="0"></line>
						<line number="56" hits="0"></line>
						<line number="61" hits="0"></line>
						<line number="62" hits="0"></line>
						<line number="67" hits="0"></line>
						<line number="68" hits="0"></line>
						<line number="73" hits="0"></line>
						<line number="74" hits="0"></line>
						<line number="79" hits="0"></line>
						<line number="80" hits="0"></line>
						<line number="85" hits="0"></line>
						<line number="86" hits="0"></line>
					</lines>
				</class>
				<class name="-" filename="internal/auth/pkce_request_store.go" line-rate="0" branch-rate="0" complexity="0" line-count="1" line-hits="0">
					<methods>
						<method name="NewPKCERequestStore" signature="" line-rate="0" branch-rate="0" complexity="0" line-count="0" line-hits="0">
							<lines>
								<line number="25" hits="0"></line>
							</lines>
						</method>
					</methods>
					<lines>
						<line number="25" hits="0"></line>
					</lines>
				</class>
				<class name="PKCERequestStore" filename="internal/auth/pkce_request_store.go" line-rate="0" branch-rate="0" complexity="0" line-count="27" line-hits="0">
					<methods>
						<method name="CreatePKCERequestSession" signature="" line-rate="0" branch-rate="0" complexity="0" line-count="0" line-hits="0">
							<lines>
								<line number="29" hits="0"></line>
								<line number="30" hits="0"></line>
								<line number="31" hits="0"></line>
								<line number="32" hits="0"></line>
								<line number="37" hits="0"></line>
							</lines>
						</method>
						<method name="GetPKCERequestSession" signature="" line-rate="0" branch-rate="0" complexity="0" line-count="0" line-hits="0">
							<lines>
								<line number="41" hits="0"></line>
								<line number="42" hits="0"></line>
								<line number="48" hits="0"></line>
								<line number="49" hits="0"></line>
								<line number="52" hits="0"></line>
								<line number="53" hits="0"></line>
								<line number="54" hits="0"></line>
								<line number="55" hits="0"></line>
								<line number="57" hits="0"></line>
								<line number="58" hits="0"></line>
								<line number="61" hits="0"></line>
							</lines>
						</method>
						<method name="DeletePKCERequestSession" signature="" line-rate="0" branch-rate="0" complexity="0" line-count="0" line-hits="0">
							<lines>
								<line number="65" hits="0"></line>
								<line number="66" hits="0"></line>
								<line number="72" hits="0"></line>
								<line number="73" hits="0"></line>
								<line number="76" hits="0"></line>
								<line number="77" hits="0"></line>
								<line number="78" hits="0"></line>
								<line number="79" hits="0"></line>
								<line number="81" hits="0"></line>
								<line number="82" hits="0"></line>
								<line number="84" hits="0"></line>
							</lines>
						</method>
					</methods>
					<lines>
						<line number="29" hits="0"></line>
						<line number="30" hits="0"></line>
						<line number="31" hits="0"></line>
						<line number="32" hits="0"></line>
						<line number="37" hits="0"></line>
						<line number="41" hits="0"></line>
						<line number="42" hits="0"></line>
						<line number="48" hits="0"></line>
						<line number="49" hits="0"></line>
						<line number="52" hits="0"></line>
						<line number="53" hits="0"></line>
						<line number="54" hits="0"></line>
						<line number="55" hits="0"></line>
						<line number="57" hits="0"></line>
						<line number="58" hits="0"></line>
						<line number="61" hits="0"></line>
						<line number="65" hits="0"></line>
						<line number="66" hits="0"></line>
						<line number="72" hits="0"></line>
						<line number="73" hits="0"></line>
						<line number="76" hits="0"></line>
						<line number="77" hits="0"></line>
						<line number="78" hits="0"></line>
						<line number="79" hits="0"></line>
						<line number="81" hits="0"></line>
						<line number="82" hits="0"></line>
						<line number="84" hits="0"></line>
					</lines>
				</class>
				<class name="-" filename="internal/auth/user.go" line-rate="0" branch-rate="0" complexity="0" line-count="1" line-hits="0">
					<methods>
						<method name="RootUser" signature="" line-rate="0" branch-rate="0" complexity="0" line-count="0" line-hits="0">
							<lines>
								<line number="17" hits="0"></line>
							</lines>
						</method>
					</methods>
					<lines>
						<line number="17" hits="0"></line>
					</lines>
				</class>
				<class name="-" filename="internal/auth/oauth_client.go" line-rate="0.9444444" branch-rate="0" complexity="0" line-count="18" line-hits="17">
					<methods>
						<method name="NewOAuthClient" signature="" line-rate="0.9444444" branch-rate="0" complexity="0" line-count="0" line-hits="0">
							<lines>
								<line number="40" hits="5"></line>
								<line number="41" hits="1"></line>
								<line number="44" hits="4"></line>
								<line number="53" hits="4"></line>
								<line number="54" hits="1"></line>
								<line number="57" hits="4"></line>
								<line number="58" hits="1"></line>
								<line number="61" hits="3"></line>
								<line number="62" hits="3"></line>
								<line number="63" hits="2"></line>
								<line number="64" hits="2"></line>
								<line number="65" hits="0"></line>
								<line number="67" hits="2"></line>
								<line number="70" hits="3"></line>
								<line number="71" hits="3"></line>
								<line number="74" hits="3"></line>
								<line number="75" hits="3"></line>
								<line number="78" hits="3"></line>
							</lines>
						</method>
					</methods>
					<lines>
						<line number="40" hits="5"></line>
						<line number="41" hits="1"></line>
						<line number="44" hits="4"></line>
						<line number="53" hits="4"></line>
						<line number="54" hits="1"></line>
						<line number="57" hits="4"></line>
						<line number="58" hits="1"></line>
						<line number="61" hits="3"></line>
						<line number="62" hits="3"></line>
						<line number="63" hits="2"></line>
						<line number="64" hits="2"></line>
						<line number="65" hits="0"></line>
						<line number="67" hits="2"></line>
						<line number="70" hits="3"></line>
						<line number="71" hits="3"></line>
						<line number="74" hits="3"></line>
						<line number="75" hits="3"></line>
						<line number="78" hits="3"></line>
					</lines>
				</class>
				<class name="OAuthClient" filename="internal/auth/oauth_client.go" line-rate="0.8" branch-rate="0" complexity="0" line-count="10" line-hits="8">
					<methods>
						<method name="GetID" signature="" line-rate="1" branch-rate="0" complexity="0" line-count="0" line-hits="0">
							<lines>
								<line number="93" hits="1"></line>
							</lines>
						</method>
						<method name="GetRev" signature="" line-rate="0" branch-rate="0" complexity="0" line-count="0" line-hits="0">
							<lines>
								<line number="97" hits="0"></line>
							</lines>
						</method>
						<method name="SetRev" signature="" line-rate="0" branch-rate="0" complexity="0" line-count="0" line-hits="0">
							<lines>
								<line number="101" hits="0"></line>
							</lines>
						</method>
						<method name="GetHashedSecret" signature="" line-rate="1" branch-rate="0" complexity="0" line-count="0" line-hits="0">
							<lines>
								<line number="106" hits="2"></line>
							</lines>
						</method>
						<method name="GetRedirectURIs" signature="" line-rate="1" branch-rate="0" complexity="0" line-count="0" line-hits="0">
							<lines>
								<line number="111" hits="1"></line>
							</lines>
						</method>
						<method name="GetGrantTypes" signature="" line-rate="1" branch-rate="0" complexity="0" line-count="0" line-hits="0">
							<lines>
								<line number="116" hits="1"></line>
							</lines>
						</method>
						<method name="GetResponseTypes" signature="" line-rate="1" branch-rate="0" complexity="0" line-count="0" line-hits="0">
							<lines>
								<line number="121" hits="1"></line>
							</lines>
						</method>
						<method name="GetScopes" signature="" line-rate="1" branch-rate="0" complexity="0" line-count="0" line-hits="0">
							<lines>
								<line number="126" hits="1"></line>
							</lines>
						</method>
						<method name="IsPublic" signature="" line-rate="1" branch-rate="0" complexity="0" line-count="0" line-hits="0">
							<lines>
								<line number="131" hits="1"></line>
							</lines>
						</method>
						<method name="GetAudience" signature="" line-rate="1" branch-rate="0" complexity="0" line-count="0" line-hits="0">
							<lines>
								<line number="136" hits="1"></line>
							</lines>
						</method>
					</methods>
					<lines>
						<line number="93" hits="1"></line>
						<line number="97" hits="0"></line>
						<line number="101" hits="0"></line>
						<line number="106" hits="2"></line>
						<line number="111" hits="1"></line>
						<line number="116" hits="1"></line>
						<line number="121" hits="1"></line>
						<line number="126" hits="1"></line>
						<line number="131" hits="1"></line>
						<line number="136" hits="1"></line>
					</lines>
				</class>
			</classes>
		</package>
		<package name="github.com/enseadaio/enseada/internal/auth/v1beta1" line-rate="0" branch-rate="0" complexity="0" line-count="280" line-hits="0">
			<classes>
				<class name="-" filename="internal/auth/v1beta1/acl_api.go" line-rate="0" branch-rate="0" complexity="0" line-count="1" line-hits="0">
					<methods>
						<method name="NewAclAPI" signature="" line-rate="0" branch-rate="0" complexity="0" line-count="0" line-hits="0">
							<lines>
								<line number="29" hits="0"></line>
							</lines>
						</method>
					</methods>
					<lines>
						<line number="29" hits="0"></line>
					</lines>
				</class>
				<class name="AclAPI" filename="internal/auth/v1beta1/acl_api.go" line-rate="0" branch-rate="0" complexity="0" line-count="53" line-hits="0">
					<methods>
						<method name="ListRules" signature="" line-rate="0" branch-rate="0" complexity="0" line-count="0" line-hits="0">
							<lines>
								<line number="33" hits="0"></line>
								<line number="34" hits="0"></line>
								<line number="35" hits="0"></line>
								<line number="38" hits="0"></line>
								<line number="39" hits="0"></line>
								<line number="42" hits="0"></line>
								<line number="43" hits="0"></line>
								<line number="45" hits="0"></line>
								<line number="46" hits="0"></line>
								<line number="47" hits="0"></line>
								<line number="48" hits="0"></line>
								<line number="50" hits="0"></line>
								<line number="51" hits="0"></line>
								<line number="53" hits="0"></line>
								<line number="54" hits="0"></line>
								<line number="56" hits="0"></line>
								<line number="58" hits="0"></line>
							</lines>
						</method>
						<method name="AddRule" signature="" line-rate="0" branch-rate="0" complexity="0" line-count="0" line-hits="0">
							<lines>
								<line number="64" hits="0"></line>
								<line number="65" hits="0"></line>
								<line number="66" hits="0"></line>
								<line number="69" hits="0"></line>
								<line number="70" hits="0"></line>
								<line number="73" hits="0"></line>
								<line number="74" hits="0"></line>
								<line number="75" hits="0"></line>
								<line number="78" hits="0"></line>
								<line number="79" hits="0"></line>
								<line number="82" hits="0"></line>
								<line number="83" hits="0"></line>
								<line number="86" hits="0"></line>
								<line number="87" hits="0"></line>
								<line number="88" hits="0"></line>
								<line number="91" hits="0"></line>
								<line number="92" hits="0"></line>
								<line number="95" hits="0"></line>
							</lines>
						</method>
						<method name="DeleteRule" signature="" line-rate="0" branch-rate="0" complexity="0" line-count="0" line-hits="0">
							<lines>
								<line number="99" hits="0"></line>
								<line number="100" hits="0"></line>
								<line number="101" hits="0"></line>
								<line number="104" hits="0"></line>
								<line number="105" hits="0"></line>
								<line number="108" hits="0"></line>
								<line number="109" hits="0"></line>
								<line number="110" hits="0"></line>
								<line number="113" hits="0"></line>
								<line number="114" hits="0"></line>
								<line number="117" hits="0"></line>
								<line number="118" hits="0"></line>
								<line number="121" hits="0"></line>
								<line number="122" hits="0"></line>
								<line number="123" hits="0"></line>
								<line number="126" hits="0"></line>
								<line number="127" hits="0"></line>
								<line number="130" hits="0"></line>
							</lines>
						</method>
					</methods>
					<lines>
						<line number="33" hits="0"></line>
						<line number="34" hits="0"></line>
						<line number="35" hits="0"></line>
						<line number="38" hits="0"></line>
						<line number="39" hits="0"></line>
						<line number="42" hits="0"></line>
						<line number="43" hits="0"></line>
						<line number="45" hits="0"></line>
						<line number="46" hits="0"></line>
						<line number="47" hits="0"></line>
						<line number="48" hits="0"></line>
						<line number="50" hits="0"></line>
						<line number="51" hits="0"></line>
						<line number="53" hits="0"></line>
						<line number="54" hits="0"></line>
						<line number="56" hits="0"></line>
						<line number="58" hits="0"></line>
						<line number="64" hits="0"></line>
						<line number="65" hits="0"></line>
						<line number="66" hits="0"></line>
						<line number="69" hits="0"></line>
						<line number="70" hits="0"></line>
						<line number="73" hits="0"></line>
						<line number="74" hits="0"></line>
						<line number="75" hits="0"></line>
						<line number="78" hits="0"></line>
						<line number="79" hits="0"></line>
						<line number="82" hits="0"></line>
						<line number="83" hits="0"></line>
						<line number="86" hits="0"></line>
						<line number="87" hits="0"></line>
						<line number="88" hits="0"></line>
						<line number="91" hits="0"></line>
						<line number="92" hits="0"></line>
						<line number="95" hits="0"></line>
						<line number="99" hits="0"></line>
						<line number="100" hits="0"></line>
						<line number="101" hits="0"></line>
						<line number="104" hits="0"></line>
						<line number="105" hits="0"></line>
						<line number="108" hits="0"></line>
						<line number="109" hits="0"></line>
						<line number="110" hits="0"></line>
						<line number="113" hits="0"></line>
						<line number="114" hits="0"></line>
						<line number="117" hits="0"></line>
						<line number="118" hits="0"></line>
						<line number="121" hits="0"></line>
						<line number="122" hits="0"></line>
						<line number="123" hits="0"></line>
						<line number="126" hits="0"></line>
						<line number="127" hits="0"></line>
						<line number="130" hits="0"></line>
					</lines>
				</class>
				<class name="-" filename="internal/auth/v1beta1/oauth_clients_api.go" line-rate="0" branch-rate="0" complexity="0" line-count="3" line-hits="0">
					<methods>
						<method name="NewOAuthClientsAPI" signature="" line-rate="0" branch-rate="0" complexity="0" line-count="0" line-hits="0">
							<lines>
								<line number="34" hits="0"></line>
							</lines>
						</method>
						<method name="mapClientToProto" signature="" line-rate="0" branch-rate="0" complexity="0" line-count="0" line-hits="0">
							<lines>
								<line number="285" hits="0"></line>
							</lines>
						</method>
						<method name="mapProtoToClient" signature="" line-rate="0" branch-rate="0" complexity="0" line-count="0" line-hits="0">
							<lines>
								<line number="297" hits="0"></line>
							</lines>
						</method>
					</methods>
					<lines>
						<line number="34" hits="0"></line>
						<line number="285" hits="0"></line>
						<line number="297" hits="0"></line>
					</lines>
				</class>
				<class name="OAuthClientsAPI" filename="internal/auth/v1beta1/oauth_clients_api.go" line-rate="0" branch-rate="0" complexity="0" line-count="132" line-hits="0">
					<methods>
						<method name="ListClients" signature="" line-rate="0" branch-rate="0" complexity="0" line-count="0" line-hits="0">
							<lines>
								<line number="38" hits="0"></line>
								<line number="39" hits="0"></line>
								<line number="40" hits="0"></line>
								<line number="43" hits="0"></line>
								<line number="44" hits="0"></line>
								<line number="45" hits="0"></line>
								<line number="48" hits="0"></line>
								<line number="49" hits="0"></line>
								<line number="50" hits="0"></line>
								<line number="51" hits="0"></line>
								<line number="52" hits="0"></line>
								<line number="55" hits="0"></line>
								<line number="57" hits="0"></line>
								<line number="58" hits="0"></line>
								<line number="59" hits="0"></line>
								<line number="60" hits="0"></line>
								<line number="61" hits="0"></line>
								<line number="62" hits="0"></line>
								<line number="65" hits="0"></line>
								<line number="66" hits="0"></line>
								<line number="70" hits="0"></line>
								<line number="75" hits="0"></line>
								<line number="76" hits="0"></line>
								<line number="79" hits="0"></line>
								<line number="82" hits="0"></line>
								<line number="84" hits="0"></line>
								<line number="85" hits="0"></line>
								<line number="88" hits="0"></line>
							</lines>
						</method>
						<method name="GetClient" signature="" line-rate="0" branch-rate="0" complexity="0" line-count="0" line-hits="0">
							<lines>
								<line number="94" hits="0"></line>
								<line number="95" hits="0"></line>
								<line number="96" hits="0"></line>
								<line number="99" hits="0"></line>
								<line number="100" hits="0"></line>
								<line number="101" hits="0"></line>
								<line number="104" hits="0"></line>
								<line number="105" hits="0"></line>
								<line number="108" hits="0"></line>
								<line number="109" hits="0"></line>
								<line number="110" hits="0"></line>
								<line number="111" hits="0"></line>
								<line number="114" hits="0"></line>
								<line number="115" hits="0"></line>
								<line number="118" hits="0"></line>
								<line number="119" hits="0"></line>
								<line number="120" hits="0"></line>
								<line number="123" hits="0"></line>
								<line number="124" hits="0"></line>
								<line number="127" hits="0"></line>
							</lines>
						</method>
						<method name="CreateClient" signature="" line-rate="0" branch-rate="0" complexity="0" line-count="0" line-hits="0">
							<lines>
								<line number="133" hits="0"></line>
								<line number="134" hits="0"></line>
								<line number="135" hits="0"></line>
								<line number="138" hits="0"></line>
								<line number="139" hits="0"></line>
								<line number="140" hits="0"></line>
								<line number="143" hits="0"></line>
								<line number="144" hits="0"></line>
								<line number="145" hits="0"></line>
								<line number="148" hits="0"></line>
								<line number="149" hits="0"></line>
								<line number="152" hits="0"></line>
								<line number="153" hits="0"></line>
								<line number="154" hits="0"></line>
								<line number="157" hits="0"></line>
								<line number="158" hits="0"></line>
								<line number="159" hits="0"></line>
								<line number="160" hits="0"></line>
								<line number="162" hits="0"></line>
								<line number="165" hits="0"></line>
								<line number="166" hits="0"></line>
								<line number="167" hits="0"></line>
								<line number="168" hits="0"></line>
								<line number="169" hits="0"></line>
								<line number="170" hits="0"></line>
[...]
						<line number="332" hits="0"></line>
						<line number="337" hits="0"></line>
						<line number="338" hits="0"></line>
						<line number="339" hits="0"></line>
						<line number="341" hits="0"></line>
						<line number="342" hits="0"></line>
						<line number="343" hits="0"></line>
						<line number="346" hits="0"></line>
						<line number="348" hits="0"></line>
						<line number="349" hits="0"></line>
						<line number="350" hits="0"></line>
						<line number="351" hits="0"></line>
						<line number="352" hits="0"></line>
						<line number="355" hits="0"></line>
						<line number="356" hits="0"></line>
						<line number="357" hits="0"></line>
						<line number="358" hits="0"></line>
						<line number="359" hits="0"></line>
						<line number="361" hits="0"></line>
						<line number="362" hits="0"></line>
						<line number="363" hits="0"></line>
						<line number="364" hits="0"></line>
						<line number="366" hits="0"></line>
						<line number="370" hits="0"></line>
						<line number="371" hits="0"></line>
						<line number="372" hits="0"></line>
						<line number="373" hits="0"></line>
						<line number="374" hits="0"></line>
						<line number="375" hits="0"></line>
						<line number="378" hits="0"></line>
						<line number="379" hits="0"></line>
						<line number="380" hits="0"></line>
						<line number="381" hits="0"></line>
						<line number="383" hits="0"></line>
						<line number="384" hits="0"></line>
						<line number="385" hits="0"></line>
						<line number="386" hits="0"></line>
						<line number="390" hits="0"></line>
						<line number="391" hits="0"></line>
						<line number="396" hits="0"></line>
						<line number="397" hits="0"></line>
						<line number="398" hits="0"></line>
						<line number="400" hits="0"></line>
						<line number="401" hits="0"></line>
						<line number="402" hits="0"></line>
						<line number="405" hits="0"></line>
						<line number="407" hits="0"></line>
						<line number="408" hits="0"></line>
						<line number="409" hits="0"></line>
						<line number="410" hits="0"></line>
						<line number="413" hits="0"></line>
						<line number="414" hits="0"></line>
						<line number="415" hits="0"></line>
						<line number="416" hits="0"></line>
						<line number="417" hits="0"></line>
						<line number="418" hits="0"></line>
						<line number="419" hits="0"></line>
						<line number="420" hits="0"></line>
						<line number="422" hits="0"></line>
						<line number="426" hits="0"></line>
						<line number="427" hits="0"></line>
						<line number="428" hits="0"></line>
						<line number="429" hits="0"></line>
						<line number="431" hits="0"></line>
						<line number="433" hits="0"></line>
						<line number="435" hits="0"></line>
						<line number="437" hits="0"></line>
						<line number="438" hits="0"></line>
						<line number="439" hits="0"></line>
						<line number="444" hits="0"></line>
						<line number="445" hits="0"></line>
						<line number="446" hits="0"></line>
						<line number="447" hits="0"></line>
						<line number="448" hits="0"></line>
						<line number="449" hits="0"></line>
						<line number="452" hits="0"></line>
						<line number="453" hits="0"></line>
						<line number="454" hits="0"></line>
						<line number="455" hits="0"></line>
						<line number="456" hits="0"></line>
						<line number="460" hits="0"></line>
						<line number="461" hits="0"></line>
						<line number="466" hits="0"></line>
						<line number="467" hits="0"></line>
						<line number="468" hits="0"></line>
						<line number="470" hits="0"></line>
						<line number="471" hits="0"></line>
						<line number="472" hits="0"></line>
						<line number="475" hits="0"></line>
						<line number="477" hits="0"></line>
						<line number="478" hits="0"></line>
						<line number="479" hits="0"></line>
						<line number="480" hits="0"></line>
						<line number="481" hits="0"></line>
						<line number="484" hits="0"></line>
						<line number="485" hits="0"></line>
						<line number="486" hits="0"></line>
						<line number="487" hits="0"></line>
						<line number="488" hits="0"></line>
						<line number="490" hits="0"></line>
						<line number="491" hits="0"></line>
						<line number="492" hits="0"></line>
						<line number="493" hits="0"></line>
						<line number="495" hits="0"></line>
						<line number="499" hits="0"></line>
						<line number="500" hits="0"></line>
						<line number="501" hits="0"></line>
						<line number="502" hits="0"></line>
						<line number="503" hits="0"></line>
						<line number="504" hits="0"></line>
						<line number="507" hits="0"></line>
						<line number="508" hits="0"></line>
						<line number="509" hits="0"></line>
						<line number="510" hits="0"></line>
						<line number="512" hits="0"></line>
						<line number="513" hits="0"></line>
						<line number="514" hits="0"></line>
						<line number="515" hits="0"></line>
						<line number="519" hits="0"></line>
						<line number="520" hits="0"></line>
						<line number="525" hits="0"></line>
						<line number="526" hits="0"></line>
						<line number="527" hits="0"></line>
						<line number="529" hits="0"></line>
						<line number="530" hits="0"></line>
						<line number="531" hits="0"></line>
						<line number="534" hits="0"></line>
						<line number="536" hits="0"></line>
						<line number="537" hits="0"></line>
						<line number="538" hits="0"></line>
						<line number="539" hits="0"></line>
						<line number="542" hits="0"></line>
						<line number="543" hits="0"></line>
						<line number="544" hits="0"></line>
						<line number="545" hits="0"></line>
						<line number="546" hits="0"></line>
						<line number="547" hits="0"></line>
						<line number="548" hits="0"></line>
						<line number="549" hits="0"></line>
						<line number="551" hits="0"></line>
						<line number="555" hits="0"></line>
						<line number="556" hits="0"></line>
						<line number="557" hits="0"></line>
						<line number="558" hits="0"></line>
						<line number="560" hits="0"></line>
						<line number="562" hits="0"></line>
						<line number="564" hits="0"></line>
						<line number="566" hits="0"></line>
						<line number="567" hits="0"></line>
						<line number="568" hits="0"></line>
						<line number="573" hits="0"></line>
						<line number="574" hits="0"></line>
						<line number="575" hits="0"></line>
						<line number="576" hits="0"></line>
						<line number="577" hits="0"></line>
						<line number="578" hits="0"></line>
						<line number="581" hits="0"></line>
						<line number="582" hits="0"></line>
						<line number="583" hits="0"></line>
						<line number="584" hits="0"></line>
						<line number="585" hits="0"></line>
						<line number="589" hits="0"></line>
						<line number="590" hits="0"></line>
						<line number="595" hits="0"></line>
						<line number="596" hits="0"></line>
						<line number="597" hits="0"></line>
						<line number="599" hits="0"></line>
						<line number="600" hits="0"></line>
						<line number="601" hits="0"></line>
						<line number="604" hits="0"></line>
						<line number="606" hits="0"></line>
						<line number="607" hits="0"></line>
						<line number="608" hits="0"></line>
						<line number="609" hits="0"></line>
						<line number="610" hits="0"></line>
						<line number="613" hits="0"></line>
						<line number="614" hits="0"></line>
						<line number="615" hits="0"></line>
						<line number="616" hits="0"></line>
						<line number="617" hits="0"></line>
						<line number="619" hits="0"></line>
						<line number="620" hits="0"></line>
						<line number="621" hits="0"></line>
						<line number="622" hits="0"></line>
						<line number="624" hits="0"></line>
						<line number="628" hits="0"></line>
						<line number="629" hits="0"></line>
						<line number="630" hits="0"></line>
						<line number="631" hits="0"></line>
						<line number="632" hits="0"></line>
						<line number="633" hits="0"></line>
						<line number="636" hits="0"></line>
						<line number="637" hits="0"></line>
						<line number="638" hits="0"></line>
						<line number="639" hits="0"></line>
						<line number="641" hits="0"></line>
						<line number="642" hits="0"></line>
						<line number="643" hits="0"></line>
						<line number="644" hits="0"></line>
						<line number="648" hits="0"></line>
						<line number="649" hits="0"></line>
						<line number="654" hits="0"></line>
						<line number="655" hits="0"></line>
						<line number="656" hits="0"></line>
						<line number="658" hits="0"></line>
						<line number="659" hits="0"></line>
						<line number="660" hits="0"></line>
						<line number="663" hits="0"></line>
						<line number="665" hits="0"></line>
						<line number="666" hits="0"></line>
						<line number="667" hits="0"></line>
						<line number="668" hits="0"></line>
						<line number="671" hits="0"></line>
						<line number="672" hits="0"></line>
						<line number="673" hits="0"></line>
						<line number="674" hits="0"></line>
						<line number="675" hits="0"></line>
						<line number="676" hits="0"></line>
						<line number="677" hits="0"></line>
						<line number="678" hits="0"></line>
						<line number="680" hits="0"></line>
						<line number="684" hits="0"></line>
						<line number="685" hits="0"></line>
						<line number="686" hits="0"></line>
						<line number="687" hits="0"></line>
						<line number="689" hits="0"></line>
						<line number="691" hits="0"></line>
						<line number="693" hits="0"></line>
						<line number="695" hits="0"></line>
						<line number="696" hits="0"></line>
						<line number="697" hits="0"></line>
						<line number="702" hits="0"></line>
						<line number="703" hits="0"></line>
						<line number="704" hits="0"></line>
						<line number="705" hits="0"></line>
						<line number="706" hits="0"></line>
						<line number="707" hits="0"></line>
						<line number="710" hits="0"></line>
						<line number="711" hits="0"></line>
						<line number="712" hits="0"></line>
						<line number="713" hits="0"></line>
						<line number="714" hits="0"></line>
						<line number="718" hits="0"></line>
						<line number="719" hits="0"></line>
						<line number="724" hits="0"></line>
						<line number="725" hits="0"></line>
						<line number="726" hits="0"></line>
						<line number="728" hits="0"></line>
						<line number="729" hits="0"></line>
						<line number="730" hits="0"></line>
						<line number="733" hits="0"></line>
						<line number="735" hits="0"></line>
						<line number="736" hits="0"></line>
						<line number="737" hits="0"></line>
						<line number="738" hits="0"></line>
						<line number="739" hits="0"></line>
						<line number="742" hits="0"></line>
						<line number="743" hits="0"></line>
						<line number="744" hits="0"></line>
						<line number="745" hits="0"></line>
						<line number="746" hits="0"></line>
						<line number="748" hits="0"></line>
						<line number="749" hits="0"></line>
						<line number="750" hits="0"></line>
						<line number="751" hits="0"></line>
						<line number="753" hits="0"></line>
						<line number="757" hits="0"></line>
						<line number="758" hits="0"></line>
						<line number="759" hits="0"></line>
						<line number="760" hits="0"></line>
						<line number="761" hits="0"></line>
						<line number="762" hits="0"></line>
						<line number="765" hits="0"></line>
						<line number="766" hits="0"></line>
						<line number="767" hits="0"></line>
						<line number="768" hits="0"></line>
						<line number="770" hits="0"></line>
						<line number="771" hits="0"></line>
						<line number="772" hits="0"></line>
						<line number="773" hits="0"></line>
						<line number="777" hits="0"></line>
						<line number="778" hits="0"></line>
						<line number="783" hits="0"></line>
						<line number="784" hits="0"></line>
						<line number="785" hits="0"></line>
						<line number="787" hits="0"></line>
						<line number="788" hits="0"></line>
						<line number="789" hits="0"></line>
						<line number="792" hits="0"></line>
						<line number="794" hits="0"></line>
						<line number="795" hits="0"></line>
						<line number="796" hits="0"></line>
						<line number="797" hits="0"></line>
						<line number="800" hits="0"></line>
						<line number="801" hits="0"></line>
						<line number="802" hits="0"></line>
						<line number="803" hits="0"></line>
						<line number="804" hits="0"></line>
						<line number="805" hits="0"></line>
						<line number="806" hits="0"></line>
						<line number="807" hits="0"></line>
						<line number="809" hits="0"></line>
						<line number="813" hits="0"></line>
						<line number="817" hits="0"></line>
						<line number="821" hits="0"></line>
					</lines>
				</class>
				<class name="wrappedError" filename="rpc/maven/v1beta1/maven_api.twirp.go" line-rate="0" branch-rate="0" complexity="0" line-count="2" line-hits="0">
					<methods>
						<method name="Cause" signature="" line-rate="0" branch-rate="0" complexity="0" line-count="0" line-hits="0">
							<lines>
								<line number="1083" hits="0"></line>
							</lines>
						</method>
						<method name="Error" signature="" line-rate="0" branch-rate="0" complexity="0" line-count="0" line-hits="0">
							<lines>
								<line number="1084" hits="0"></line>
							</lines>
						</method>
					</methods>
					<lines>
						<line number="1083" hits="0"></line>
						<line number="1084" hits="0"></line>
					</lines>
				</class>
				<class name="internalWithCause" filename="rpc/maven/v1beta1/maven_api.twirp.go" line-rate="0" branch-rate="0" complexity="0" line-count="7" line-hits="0">
					<methods>
						<method name="Cause" signature="" line-rate="0" branch-rate="0" complexity="0" line-count="0" line-hits="0">
							<lines>
								<line number="1122" hits="0"></line>
							</lines>
						</method>
						<method name="Error" signature="" line-rate="0" branch-rate="0" complexity="0" line-count="0" line-hits="0">
							<lines>
								<line number="1123" hits="0"></line>
							</lines>
						</method>
						<method name="Code" signature="" line-rate="0" branch-rate="0" complexity="0" line-count="0" line-hits="0">
							<lines>
								<line number="1124" hits="0"></line>
							</lines>
						</method>
						<method name="Msg" signature="" line-rate="0" branch-rate="0" complexity="0" line-count="0" line-hits="0">
							<lines>
								<line number="1125" hits="0"></line>
							</lines>
						</method>
						<method name="Meta" signature="" line-rate="0" branch-rate="0" complexity="0" line-count="0" line-hits="0">
							<lines>
								<line number="1126" hits="0"></line>
							</lines>
						</method>
						<method name="MetaMap" signature="" line-rate="0" branch-rate="0" complexity="0" line-count="0" line-hits="0">
							<lines>
								<line number="1127" hits="0"></line>
							</lines>
						</method>
						<method name="WithMeta" signature="" line-rate="0" branch-rate="0" complexity="0" line-count="0" line-hits="0">
							<lines>
								<line number="1128" hits="0"></line>
							</lines>
						</method>
					</methods>
					<lines>
						<line number="1122" hits="0"></line>
						<line number="1123" hits="0"></line>
						<line number="1124" hits="0"></line>
						<line number="1125" hits="0"></line>
						<line number="1126" hits="0"></line>
						<line number="1127" hits="0"></line>
						<line number="1128" hits="0"></line>
					</lines>
				</class>
				<class name="Repo" filename="rpc/maven/v1beta1/repo.pb.go" line-rate="0" branch-rate="0" complexity="0" line-count="17" line-hits="0">
					<methods>
						<method name="Reset" signature="" line-rate="0" branch-rate="0" complexity="0" line-count="0" line-hits="0">
							<lines>
								<line number="40" hits="0"></line>
							</lines>
						</method>
						<method name="String" signature="" line-rate="0" branch-rate="0" complexity="0" line-count="0" line-hits="0">
							<lines>
								<line number="41" hits="0"></line>
							</lines>
						</method>
						<method name="ProtoMessage" signature="" line-rate="NaN" branch-rate="0" complexity="0" line-count="0" line-hits="0">
							<lines></lines>
						</method>
						<method name="Descriptor" signature="" line-rate="0" branch-rate="0" complexity="0" line-count="0" line-hits="0">
							<lines>
								<line number="44" hits="0"></line>
							</lines>
						</method>
						<method name="XXX_Unmarshal" signature="" line-rate="0" branch-rate="0" complexity="0" line-count="0" line-hits="0">
							<lines>
								<line number="48" hits="0"></line>
							</lines>
						</method>
						<method name="XXX_Marshal" signature="" line-rate="0" branch-rate="0" complexity="0" line-count="0" line-hits="0">
							<lines>
								<line number="51" hits="0"></line>
							</lines>
						</method>
						<method name="XXX_Merge" signature="" line-rate="0" branch-rate="0" complexity="0" line-count="0" line-hits="0">
							<lines>
								<line number="54" hits="0"></line>
							</lines>
						</method>
						<method name="XXX_Size" signature="" line-rate="0" branch-rate="0" complexity="0" line-count="0" line-hits="0">
							<lines>
								<line number="57" hits="0"></line>
							</lines>
						</method>
						<method name="XXX_DiscardUnknown" signature="" line-rate="0" branch-rate="0" complexity="0" line-count="0" line-hits="0">
							<lines>
								<line number="60" hits="0"></line>
							</lines>
						</method>
						<method name="GetId" signature="" line-rate="0" branch-rate="0" complexity="0" line-count="0" line-hits="0">
							<lines>
								<line number="66" hits="0"></line>
								<line number="67" hits="0"></line>
								<line number="69" hits="0"></line>
							</lines>
						</method>
						<method name="GetGroupId" signature="" line-rate="0" branch-rate="0" complexity="0" line-count="0" line-hits="0">
							<lines>
								<line number="73" hits="0"></line>
								<line number="74" hits="0"></line>
								<line number="76" hits="0"></line>
							</lines>
						</method>
						<method name="GetArtifactId" signature="" line-rate="0" branch-rate="0" complexity="0" line-count="0" line-hits="0">
							<lines>
								<line number="80" hits="0"></line>
								<line number="81" hits="0"></line>
								<line number="83" hits="0"></line>
							</lines>
						</method>
					</methods>
					<lines>
						<line number="40" hits="0"></line>
						<line number="41" hits="0"></line>
						<line number="44" hits="0"></line>
						<line number="48" hits="0"></line>
						<line number="51" hits="0"></line>
						<line number="54" hits="0"></line>
						<line number="57" hits="0"></line>
						<line number="60" hits="0"></line>
						<line number="66" hits="0"></line>
						<line number="67" hits="0"></line>
						<line number="69" hits="0"></line>
						<line number="73" hits="0"></line>
						<line number="74" hits="0"></line>
						<line number="76" hits="0"></line>
						<line number="80" hits="0"></line>
						<line number="81" hits="0"></line>
						<line number="83" hits="0"></line>
					</lines>
				</class>
				<class name="-" filename="rpc/maven/v1beta1/repo.pb.go" line-rate="1" branch-rate="0" complexity="0" line-count="2" line-hits="2">
					<methods>
						<method name="init" signature="" line-rate="1" branch-rate="0" complexity="0" line-count="0" line-hits="0">
							<lines>
								<line number="87" hits="2"></line>
							</lines>
						</method>
						<method name="init" signature="" line-rate="1" branch-rate="0" complexity="0" line-count="0" line-hits="0">
							<lines>
								<line number="90" hits="2"></line>
							</lines>
						</method>
					</methods>
					<lines>
						<line number="87" hits="2"></line>
						<line number="90" hits="2"></line>
					</lines>
				</class>
			</classes>
		</package>
	</packages>
	<sources>
		<source>/home/matteo/Software/enseada</source>
	</sources>
</coverage>
